\BOOKMARK [1][-]{section.1}{\376\377\000M\000i\000s\000e\000\040\000e\000n\000\040\000c\000o\000n\000t\000e\000x\000t\000e}{}% 1
\BOOKMARK [1][-]{section.2}{\376\377\000M\000o\000d\000u\000l\000e\000\040\000\351\000l\000e\000c\000t\000r\000o\000n\000i\000q\000u\000e\000\040\000A\000P\000E\000X}{}% 2
\BOOKMARK [2][-]{subsection.2.1}{\376\377\000P\000r\000\351\000s\000e\000n\000t\000a\000t\000i\000o\000n\000\040\000d\000u\000\040\000m\000o\000d\000u\000l\000e}{section.2}% 3
\BOOKMARK [2][-]{subsection.2.2}{\376\377\000C\000o\000m\000p\000o\000s\000a\000n\000t\000s\000\040\000p\000r\000i\000n\000c\000i\000p\000a\000u\000x}{section.2}% 4
\BOOKMARK [3][-]{subsubsection.2.2.1}{\376\377\000M\000i\000c\000r\000o\000c\000o\000n\000t\000r\000\364\000l\000e\000u\000r\000\040\000S\000T\000M\0003\0002\000F\0004\0001\0001\000R\000E\000T\000x}{subsection.2.2}% 5
\BOOKMARK [3][-]{subsubsection.2.2.2}{\376\377\000M\000o\000d\000u\000l\000e\000\040\000d\000e\000\040\000t\000\351\000l\000\351\000m\000e\000s\000u\000r\000e\000\040\000R\000F\000M\0009\0005\000W}{subsection.2.2}% 6
\BOOKMARK [3][-]{subsubsection.2.2.3}{\376\377\000B\000M\000I\0000\0008\0008}{subsection.2.2}% 7
\BOOKMARK [3][-]{subsubsection.2.2.4}{\376\377\000A\000D\000X\000L\0003\0007\0000}{subsection.2.2}% 8
\BOOKMARK [3][-]{subsubsection.2.2.5}{\376\377\000L\000S\000M\0003\0000\0003\000A\000G\000R}{subsection.2.2}% 9
\BOOKMARK [3][-]{subsubsection.2.2.6}{\376\377\000B\000M\000P\0003\0008\0000}{subsection.2.2}% 10
\BOOKMARK [3][-]{subsubsection.2.2.7}{\376\377\000W\0002\0005\000Q\0005\0001\0002\000J\000V}{subsection.2.2}% 11
\BOOKMARK [3][-]{subsubsection.2.2.8}{\376\377\000S\000A\000M\000\040\000M\0001\0000\000Q}{subsection.2.2}% 12
\BOOKMARK [3][-]{subsubsection.2.2.9}{\376\377\000C\000o\000n\000n\000e\000c\000t\000i\000v\000i\000t\000\351\000s}{subsection.2.2}% 13
\BOOKMARK [3][-]{subsubsection.2.2.10}{\376\377\000A\000l\000i\000m\000e\000n\000t\000a\000t\000i\000o\000n}{subsection.2.2}% 14
\BOOKMARK [3][-]{subsubsection.2.2.11}{\376\377\000T\000\351\000m\000o\000i\000n\000\040\000u\000t\000i\000l\000i\000s\000a\000t\000e\000u\000r}{subsection.2.2}% 15
\BOOKMARK [2][-]{subsection.2.3}{\376\377\000C\000o\000n\000c\000e\000p\000t\000i\000o\000n\000\040\000d\000u\000\040\000m\000o\000d\000u\000l\000e}{section.2}% 16
\BOOKMARK [3][-]{subsubsection.2.3.1}{\376\377\000C\000A\000O\000\040\000-\000\040\000C\000o\000n\000c\000e\000p\000t\000i\000o\000n\000\040\000A\000s\000s\000i\000s\000t\000\351\000e\000\040\000p\000a\000r\000\040\000O\000r\000d\000i\000n\000a\000t\000e\000u\000r}{subsection.2.3}% 17
\BOOKMARK [2][-]{subsection.2.4}{\376\377\000S\000o\000u\000d\000u\000r\000e\000\040\000d\000e\000s\000\040\000c\000o\000m\000p\000o\000s\000a\000n\000t\000s}{section.2}% 18
\BOOKMARK [2][-]{subsection.2.5}{\376\377\000P\000r\000o\000g\000r\000a\000m\000m\000a\000t\000i\000o\000n\000\040\000d\000u\000\040\000m\000o\000d\000u\000l\000e\000\040\000A\000P\000E\000X}{section.2}% 19
\BOOKMARK [1][-]{section.3}{\376\377\000S\000t\000a\000t\000i\000o\000n\000\040\000s\000o\000l\000\040\000A\000P\000E\000X}{}% 20
\BOOKMARK [2][-]{subsection.3.1}{\376\377\000O\000b\000j\000e\000c\000t\000i\000f\000\040\000d\000u\000\040\000p\000r\000o\000j\000e\000t}{section.3}% 21
\BOOKMARK [2][-]{subsection.3.2}{\376\377\000C\000o\000m\000p\000o\000s\000i\000t\000i\000o\000n\000\040\000p\000r\000i\000n\000c\000i\000p\000a\000l\000e}{section.3}% 22
\BOOKMARK [2][-]{subsection.3.3}{\376\377\000F\000o\000n\000c\000t\000i\000o\000n\000n\000e\000m\000e\000n\000t}{section.3}% 23
\BOOKMARK [1][-]{section.4}{\376\377\000E\000x\000p\000\351\000r\000i\000e\000n\000c\000e\000s\000\040\000e\000t\000\040\000r\000\351\000s\000u\000l\000t\000a\000t\000s}{}% 24
\BOOKMARK [2][-]{subsection.4.1}{\376\377\000P\000r\000i\000s\000m\000a}{section.4}% 25
\BOOKMARK [2][-]{subsection.4.2}{\376\377\000H\000o\000r\000i\000z\000o\000n}{section.4}% 26
\BOOKMARK [2][-]{subsection.4.3}{\376\377\000M\000R\000O\000M}{section.4}% 27
